<?xml version="1.0" encoding="UTF-8"?>
<!-- Generated by org.testng.reporters.JUnitXMLReporter -->
<testsuite ignored="4" hostname="SDN-62" failures="0" tests="1" name="Default test" time="11.696" errors="0" timestamp="2023-07-28T09:56:14 IST">
  <testcase classname="com.DemoBlaze.testClasses.IndexPageTest" name="VerifyUrlOfIndexPage" time="0.121"/>
  <testcase classname="com.DemoBlaze.testClasses.IndexPageTest" name="VerifyTitle" time="0.0">
    <ignored/>
  </testcase> <!-- VerifyTitle -->
  <testcase classname="com.DemoBlaze.testClasses.IndexPageTest" name="VerifyCarousealImagesPresentOrNo" time="0.0">
    <ignored/>
  </testcase> <!-- VerifyCarousealImagesPresentOrNo -->
  <testcase classname="com.DemoBlaze.testClasses.IndexPageTest" name="VerifyProductDisplayedOnIndexPageOrNot" time="0.0">
    <ignored/>
  </testcase> <!-- VerifyProductDisplayedOnIndexPageOrNot -->
  <testcase classname="com.DemoBlaze.testClasses.IndexPageTest" name="VerifyHomeOptionDisplayedOrNot" time="0.0">
    <ignored/>
  </testcase> <!-- VerifyHomeOptionDisplayedOrNot -->
</testsuite> <!-- Default test -->
